1714838604.420420 client started (79725): version 3.4, socket /private/tmp/tmux-501/default, protocol 8
1714838604.420513 on Darwin 23.4.0 Darwin Kernel Version 23.4.0: Wed Feb 21 21:51:37 PST 2024; root:xnu-10063.101.15~2/RELEASE_ARM64_T8112
1714838604.420536 using libevent 2.1.12-stable select
1714838604.420576 using utf8proc 2.9.0
1714838604.420586 using ncurses 6.4 20221231
1714838604.420615 flags are 0x18010000
1714838604.420624 socket is /private/tmp/tmux-501/default
1714838604.420639 trying connect
1714838604.420713 add peer 0x120008000: 6 (0x0)
1714838604.423384 sending message 100 to peer 0x120008000 (4 bytes)
1714838604.423402 sending message 111 to peer 0x120008000 (8 bytes)
1714838604.423409 sending message 101 to peer 0x120008000 (12 bytes)
1714838604.423417 sending message 109 to peer 0x120008000 (4 bytes)
1714838604.423424 sending message 102 to peer 0x120008000 (13 bytes)
1714838604.423430 sending message 108 to peer 0x120008000 (21 bytes)
1714838604.423437 sending message 112 to peer 0x120008000 (70 bytes)
1714838604.423444 sending message 112 to peer 0x120008000 (5 bytes)
1714838604.423450 sending message 112 to peer 0x120008000 (6 bytes)
1714838604.423457 sending message 112 to peer 0x120008000 (6 bytes)
1714838604.423463 sending message 112 to peer 0x120008000 (10 bytes)
1714838604.423470 sending message 112 to peer 0x120008000 (13 bytes)
1714838604.423476 sending message 112 to peer 0x120008000 (14 bytes)
1714838604.423482 sending message 112 to peer 0x120008000 (19 bytes)
1714838604.423489 sending message 112 to peer 0x120008000 (11 bytes)
1714838604.423495 sending message 112 to peer 0x120008000 (10 bytes)
1714838604.423501 sending message 112 to peer 0x120008000 (15 bytes)
1714838604.423508 sending message 112 to peer 0x120008000 (21 bytes)
1714838604.423514 sending message 112 to peer 0x120008000 (13 bytes)
1714838604.423520 sending message 112 to peer 0x120008000 (7 bytes)
1714838604.423527 sending message 112 to peer 0x120008000 (13 bytes)
1714838604.423533 sending message 112 to peer 0x120008000 (7 bytes)
1714838604.423539 sending message 112 to peer 0x120008000 (13 bytes)
1714838604.423546 sending message 112 to peer 0x120008000 (9 bytes)
1714838604.423552 sending message 112 to peer 0x120008000 (21 bytes)
1714838604.423558 sending message 112 to peer 0x120008000 (13 bytes)
1714838604.423564 sending message 112 to peer 0x120008000 (9 bytes)
1714838604.423571 sending message 112 to peer 0x120008000 (16 bytes)
1714838604.423577 sending message 112 to peer 0x120008000 (13 bytes)
1714838604.423583 sending message 112 to peer 0x120008000 (9 bytes)
1714838604.423590 sending message 112 to peer 0x120008000 (9 bytes)
1714838604.423596 sending message 112 to peer 0x120008000 (12 bytes)
1714838604.423603 sending message 112 to peer 0x120008000 (8 bytes)
1714838604.423609 sending message 112 to peer 0x120008000 (13 bytes)
1714838604.423615 sending message 112 to peer 0x120008000 (7 bytes)
1714838604.423621 sending message 112 to peer 0x120008000 (7 bytes)
1714838604.423628 sending message 112 to peer 0x120008000 (9 bytes)
1714838604.423635 sending message 112 to peer 0x120008000 (6 bytes)
1714838604.423641 sending message 112 to peer 0x120008000 (9 bytes)
1714838604.423648 sending message 112 to peer 0x120008000 (15 bytes)
1714838604.423657 sending message 112 to peer 0x120008000 (13 bytes)
1714838604.423665 sending message 112 to peer 0x120008000 (12 bytes)
1714838604.423675 sending message 112 to peer 0x120008000 (8 bytes)
1714838604.423684 sending message 112 to peer 0x120008000 (14 bytes)
1714838604.423690 sending message 112 to peer 0x120008000 (9 bytes)
1714838604.423697 sending message 112 to peer 0x120008000 (10 bytes)
1714838604.423704 sending message 112 to peer 0x120008000 (10 bytes)
1714838604.423711 sending message 112 to peer 0x120008000 (10 bytes)
1714838604.423717 sending message 112 to peer 0x120008000 (10 bytes)
1714838604.423723 sending message 112 to peer 0x120008000 (11 bytes)
1714838604.423731 sending message 112 to peer 0x120008000 (12 bytes)
1714838604.423737 sending message 112 to peer 0x120008000 (12 bytes)
1714838604.423774 sending message 112 to peer 0x120008000 (12 bytes)
1714838604.423779 sending message 112 to peer 0x120008000 (12 bytes)
1714838604.423784 sending message 112 to peer 0x120008000 (12 bytes)
1714838604.423788 sending message 112 to peer 0x120008000 (11 bytes)
1714838604.423794 sending message 112 to peer 0x120008000 (11 bytes)
1714838604.423800 sending message 112 to peer 0x120008000 (12 bytes)
1714838604.423804 sending message 112 to peer 0x120008000 (12 bytes)
1714838604.423809 sending message 112 to peer 0x120008000 (12 bytes)
1714838604.423814 sending message 112 to peer 0x120008000 (12 bytes)
1714838604.423819 sending message 112 to peer 0x120008000 (12 bytes)
1714838604.423825 sending message 112 to peer 0x120008000 (9 bytes)
1714838604.423829 sending message 112 to peer 0x120008000 (12 bytes)
1714838604.423834 sending message 112 to peer 0x120008000 (13 bytes)
1714838604.423840 sending message 112 to peer 0x120008000 (13 bytes)
1714838604.423846 sending message 112 to peer 0x120008000 (13 bytes)
1714838604.423852 sending message 112 to peer 0x120008000 (13 bytes)
1714838604.423858 sending message 112 to peer 0x120008000 (13 bytes)
1714838604.423864 sending message 112 to peer 0x120008000 (8 bytes)
1714838604.423870 sending message 112 to peer 0x120008000 (11 bytes)
1714838604.423875 sending message 112 to peer 0x120008000 (11 bytes)
1714838604.423881 sending message 112 to peer 0x120008000 (11 bytes)
1714838604.423886 sending message 112 to peer 0x120008000 (12 bytes)
1714838604.423891 sending message 112 to peer 0x120008000 (12 bytes)
1714838604.423896 sending message 112 to peer 0x120008000 (13 bytes)
1714838604.423901 sending message 112 to peer 0x120008000 (12 bytes)
1714838604.423906 sending message 112 to peer 0x120008000 (13 bytes)
1714838604.423910 sending message 112 to peer 0x120008000 (13 bytes)
1714838604.423916 sending message 112 to peer 0x120008000 (13 bytes)
1714838604.423923 sending message 112 to peer 0x120008000 (8 bytes)
1714838604.423927 sending message 112 to peer 0x120008000 (13 bytes)
1714838604.423934 sending message 112 to peer 0x120008000 (13 bytes)
1714838604.423938 sending message 112 to peer 0x120008000 (13 bytes)
1714838604.423943 sending message 112 to peer 0x120008000 (13 bytes)
1714838604.423947 sending message 112 to peer 0x120008000 (13 bytes)
1714838604.423952 sending message 112 to peer 0x120008000 (12 bytes)
1714838604.423957 sending message 112 to peer 0x120008000 (12 bytes)
1714838604.423961 sending message 112 to peer 0x120008000 (13 bytes)
1714838604.423966 sending message 112 to peer 0x120008000 (12 bytes)
1714838604.423970 sending message 112 to peer 0x120008000 (13 bytes)
1714838604.423975 sending message 112 to peer 0x120008000 (8 bytes)
1714838604.423979 sending message 112 to peer 0x120008000 (13 bytes)
1714838604.423984 sending message 112 to peer 0x120008000 (13 bytes)
1714838604.423988 sending message 112 to peer 0x120008000 (13 bytes)
1714838604.423993 sending message 112 to peer 0x120008000 (13 bytes)
1714838604.423998 sending message 112 to peer 0x120008000 (13 bytes)
1714838604.424003 sending message 112 to peer 0x120008000 (13 bytes)
1714838604.424007 sending message 112 to peer 0x120008000 (13 bytes)
1714838604.424012 sending message 112 to peer 0x120008000 (12 bytes)
1714838604.424018 sending message 112 to peer 0x120008000 (12 bytes)
1714838604.424022 sending message 112 to peer 0x120008000 (13 bytes)
1714838604.424027 sending message 112 to peer 0x120008000 (8 bytes)
1714838604.424031 sending message 112 to peer 0x120008000 (12 bytes)
1714838604.424036 sending message 112 to peer 0x120008000 (13 bytes)
1714838604.424041 sending message 112 to peer 0x120008000 (13 bytes)
1714838604.424045 sending message 112 to peer 0x120008000 (13 bytes)
1714838604.424051 sending message 112 to peer 0x120008000 (13 bytes)
1714838604.424057 sending message 112 to peer 0x120008000 (13 bytes)
1714838604.424063 sending message 112 to peer 0x120008000 (13 bytes)
1714838604.424069 sending message 112 to peer 0x120008000 (13 bytes)
1714838604.424085 sending message 112 to peer 0x120008000 (13 bytes)
1714838604.424090 sending message 112 to peer 0x120008000 (12 bytes)
1714838604.424094 sending message 112 to peer 0x120008000 (10 bytes)
1714838604.424099 sending message 112 to peer 0x120008000 (12 bytes)
1714838604.424104 sending message 112 to peer 0x120008000 (13 bytes)
1714838604.424109 sending message 112 to peer 0x120008000 (12 bytes)
1714838604.424114 sending message 112 to peer 0x120008000 (13 bytes)
1714838604.424118 sending message 112 to peer 0x120008000 (13 bytes)
1714838604.424123 sending message 112 to peer 0x120008000 (13 bytes)
1714838604.424128 sending message 112 to peer 0x120008000 (13 bytes)
1714838604.424132 sending message 112 to peer 0x120008000 (13 bytes)
1714838604.424137 sending message 112 to peer 0x120008000 (13 bytes)
1714838604.424142 sending message 112 to peer 0x120008000 (13 bytes)
1714838604.424146 sending message 112 to peer 0x120008000 (10 bytes)
1714838604.424152 sending message 112 to peer 0x120008000 (13 bytes)
1714838604.424158 sending message 112 to peer 0x120008000 (12 bytes)
1714838604.424164 sending message 112 to peer 0x120008000 (12 bytes)
1714838604.424170 sending message 112 to peer 0x120008000 (13 bytes)
1714838604.424177 sending message 112 to peer 0x120008000 (10 bytes)
1714838604.424181 sending message 112 to peer 0x120008000 (10 bytes)
1714838604.424186 sending message 112 to peer 0x120008000 (10 bytes)
1714838604.424192 sending message 112 to peer 0x120008000 (12 bytes)
1714838604.424198 sending message 112 to peer 0x120008000 (13 bytes)
1714838604.424204 sending message 112 to peer 0x120008000 (13 bytes)
1714838604.424210 sending message 112 to peer 0x120008000 (13 bytes)
1714838604.424216 sending message 112 to peer 0x120008000 (13 bytes)
1714838604.424222 sending message 112 to peer 0x120008000 (13 bytes)
1714838604.424227 sending message 112 to peer 0x120008000 (10 bytes)
1714838604.424232 sending message 112 to peer 0x120008000 (11 bytes)
1714838604.424236 sending message 112 to peer 0x120008000 (12 bytes)
1714838604.424241 sending message 112 to peer 0x120008000 (12 bytes)
1714838604.424246 sending message 112 to peer 0x120008000 (12 bytes)
1714838604.424251 sending message 112 to peer 0x120008000 (12 bytes)
1714838604.424257 sending message 112 to peer 0x120008000 (12 bytes)
1714838604.424261 sending message 112 to peer 0x120008000 (11 bytes)
1714838604.424266 sending message 112 to peer 0x120008000 (12 bytes)
1714838604.424271 sending message 112 to peer 0x120008000 (12 bytes)
1714838604.424276 sending message 112 to peer 0x120008000 (13 bytes)
1714838604.424281 sending message 112 to peer 0x120008000 (13 bytes)
1714838604.424285 sending message 112 to peer 0x120008000 (13 bytes)
1714838604.424290 sending message 112 to peer 0x120008000 (13 bytes)
1714838604.424295 sending message 112 to peer 0x120008000 (13 bytes)
1714838604.424301 sending message 112 to peer 0x120008000 (10 bytes)
1714838604.424307 sending message 112 to peer 0x120008000 (9 bytes)
1714838604.424313 sending message 112 to peer 0x120008000 (12 bytes)
1714838604.424320 sending message 112 to peer 0x120008000 (13 bytes)
1714838604.424326 sending message 112 to peer 0x120008000 (13 bytes)
1714838604.424331 sending message 112 to peer 0x120008000 (13 bytes)
1714838604.424335 sending message 112 to peer 0x120008000 (13 bytes)
1714838604.424341 sending message 112 to peer 0x120008000 (13 bytes)
1714838604.424345 sending message 112 to peer 0x120008000 (9 bytes)
1714838604.424350 sending message 112 to peer 0x120008000 (12 bytes)
1714838604.424355 sending message 112 to peer 0x120008000 (13 bytes)
1714838604.424359 sending message 112 to peer 0x120008000 (13 bytes)
1714838604.424364 sending message 112 to peer 0x120008000 (13 bytes)
1714838604.424369 sending message 112 to peer 0x120008000 (13 bytes)
1714838604.424373 sending message 112 to peer 0x120008000 (13 bytes)
1714838604.424378 sending message 112 to peer 0x120008000 (11 bytes)
1714838604.424382 sending message 112 to peer 0x120008000 (12 bytes)
1714838604.424387 sending message 112 to peer 0x120008000 (13 bytes)
1714838604.424400 sending message 112 to peer 0x120008000 (13 bytes)
1714838604.424405 sending message 112 to peer 0x120008000 (13 bytes)
1714838604.424410 sending message 112 to peer 0x120008000 (13 bytes)
1714838604.424415 sending message 112 to peer 0x120008000 (13 bytes)
1714838604.424421 sending message 112 to peer 0x120008000 (11 bytes)
1714838604.424427 sending message 112 to peer 0x120008000 (12 bytes)
1714838604.424433 sending message 112 to peer 0x120008000 (12 bytes)
1714838604.424439 sending message 112 to peer 0x120008000 (12 bytes)
1714838604.424445 sending message 112 to peer 0x120008000 (12 bytes)
1714838604.424450 sending message 112 to peer 0x120008000 (12 bytes)
1714838604.424455 sending message 112 to peer 0x120008000 (22 bytes)
1714838604.424460 sending message 112 to peer 0x120008000 (12 bytes)
1714838604.424466 sending message 112 to peer 0x120008000 (9 bytes)
1714838604.424472 sending message 112 to peer 0x120008000 (6 bytes)
1714838604.424477 sending message 112 to peer 0x120008000 (13 bytes)
1714838604.424483 sending message 112 to peer 0x120008000 (10 bytes)
1714838604.424487 sending message 112 to peer 0x120008000 (15 bytes)
1714838604.424493 sending message 112 to peer 0x120008000 (11 bytes)
1714838604.424499 sending message 112 to peer 0x120008000 (9 bytes)
1714838604.424505 sending message 112 to peer 0x120008000 (70 bytes)
1714838604.424511 sending message 112 to peer 0x120008000 (69 bytes)
1714838604.424517 sending message 112 to peer 0x120008000 (34 bytes)
1714838604.424522 sending message 112 to peer 0x120008000 (34 bytes)
1714838604.424526 sending message 112 to peer 0x120008000 (69 bytes)
1714838604.424531 sending message 112 to peer 0x120008000 (12 bytes)
1714838604.424536 sending message 112 to peer 0x120008000 (10 bytes)
1714838604.424541 sending message 112 to peer 0x120008000 (10 bytes)
1714838604.424545 sending message 112 to peer 0x120008000 (15 bytes)
1714838604.424550 sending message 112 to peer 0x120008000 (11 bytes)
1714838604.424555 sending message 112 to peer 0x120008000 (10 bytes)
1714838604.424560 sending message 112 to peer 0x120008000 (10 bytes)
1714838604.424566 sending message 112 to peer 0x120008000 (17 bytes)
1714838604.424571 sending message 112 to peer 0x120008000 (10 bytes)
1714838604.424577 sending message 112 to peer 0x120008000 (13 bytes)
1714838604.424583 sending message 112 to peer 0x120008000 (17 bytes)
1714838604.424589 sending message 112 to peer 0x120008000 (5 bytes)
1714838604.424594 sending message 112 to peer 0x120008000 (9 bytes)
1714838604.424598 sending message 112 to peer 0x120008000 (15 bytes)
1714838604.424604 sending message 104 to peer 0x120008000 (0 bytes)
1714838604.424610 sending message 110 to peer 0x120008000 (0 bytes)
1714838604.424614 sending message 107 to peer 0x120008000 (4 bytes)
1714838604.424620 sending message 105 to peer 0x120008000 (17 bytes)
1714838604.424625 sending message 105 to peer 0x120008000 (16 bytes)
1714838604.424630 sending message 105 to peer 0x120008000 (25 bytes)
1714838604.424635 sending message 105 to peer 0x120008000 (116 bytes)
1714838604.424640 sending message 105 to peer 0x120008000 (72 bytes)
1714838604.424644 sending message 105 to peer 0x120008000 (22 bytes)
1714838604.424648 sending message 105 to peer 0x120008000 (11 bytes)
1714838604.424653 sending message 105 to peer 0x120008000 (60 bytes)
1714838604.424657 sending message 105 to peer 0x120008000 (67 bytes)
1714838604.424661 sending message 105 to peer 0x120008000 (66 bytes)
1714838604.424665 sending message 105 to peer 0x120008000 (19 bytes)
1714838604.424670 sending message 105 to peer 0x120008000 (14 bytes)
1714838604.424674 sending message 105 to peer 0x120008000 (18 bytes)
1714838604.424678 sending message 105 to peer 0x120008000 (17 bytes)
1714838604.424683 sending message 105 to peer 0x120008000 (530 bytes)
1714838604.424688 sending message 105 to peer 0x120008000 (15 bytes)
1714838604.424692 sending message 105 to peer 0x120008000 (16 bytes)
1714838604.424696 sending message 105 to peer 0x120008000 (42 bytes)
1714838604.424711 sending message 105 to peer 0x120008000 (18 bytes)
1714838604.424715 sending message 105 to peer 0x120008000 (14 bytes)
1714838604.424720 sending message 105 to peer 0x120008000 (38 bytes)
1714838604.424724 sending message 105 to peer 0x120008000 (20 bytes)
1714838604.424728 sending message 105 to peer 0x120008000 (57 bytes)
1714838604.424733 sending message 105 to peer 0x120008000 (8 bytes)
1714838604.424737 sending message 105 to peer 0x120008000 (38 bytes)
1714838604.424741 sending message 105 to peer 0x120008000 (25 bytes)
1714838604.424745 sending message 105 to peer 0x120008000 (33 bytes)
1714838604.424750 sending message 105 to peer 0x120008000 (12 bytes)
1714838604.424754 sending message 105 to peer 0x120008000 (30 bytes)
1714838604.424758 sending message 105 to peer 0x120008000 (31 bytes)
1714838604.424762 sending message 105 to peer 0x120008000 (32 bytes)
1714838604.424767 sending message 105 to peer 0x120008000 (29 bytes)
1714838604.424771 sending message 105 to peer 0x120008000 (30 bytes)
1714838604.424775 sending message 105 to peer 0x120008000 (37 bytes)
1714838604.424783 sending message 105 to peer 0x120008000 (34 bytes)
1714838604.424788 sending message 105 to peer 0x120008000 (35 bytes)
1714838604.424793 sending message 105 to peer 0x120008000 (69 bytes)
1714838604.424797 sending message 105 to peer 0x120008000 (110 bytes)
1714838604.424802 sending message 105 to peer 0x120008000 (76 bytes)
1714838604.424806 sending message 105 to peer 0x120008000 (19 bytes)
1714838604.424810 sending message 105 to peer 0x120008000 (38 bytes)
1714838604.424815 sending message 105 to peer 0x120008000 (37 bytes)
1714838604.424819 sending message 106 to peer 0x120008000 (0 bytes)
1714838604.424895 sending message 200 to peer 0x120008000 (4 bytes)
1714838604.424902 client loop enter
1714838604.434005 peer 0x120008000 message 207
1714838604.434014 sending message 208 to peer 0x120008000 (0 bytes)
1714838608.830217 peer 0x120008000 message 203
1714838608.830276 sending message 205 to peer 0x120008000 (0 bytes)
1714838608.830680 peer 0x120008000 message 204
1714838608.830707 client loop exit
